<?xml version="1.0" encoding="UTF-8"?>
<testng-results skipped="0" failed="0" ignored="0" total="1" passed="1">
  <reporter-output>
  </reporter-output>
  <suite name="Test Suite" duration-ms="53419" started-at="2021-06-27T11:26:36 IST" finished-at="2021-06-27T11:27:30 IST">
    <groups>
    </groups>
    <test name="NineTech Tests" duration-ms="53419" started-at="2021-06-27T11:26:36 IST" finished-at="2021-06-27T11:27:30 IST">
      <class name="com.testscripts.Nine_FR_Assessment">
        <test-method status="PASS" signature="preSetup()[pri:0, instance:com.testscripts.Nine_FR_Assessment@3abbfa04]" name="preSetup" is-config="true" duration-ms="6990" started-at="2021-06-27T11:26:37 IST" finished-at="2021-06-27T11:26:44 IST">
          <reporter-output>
          </reporter-output>
        </test-method> <!-- preSetup -->
        <test-method status="PASS" signature="TC_01_EndOfSeasonSale_PopUp()[pri:0, instance:com.testscripts.Nine_FR_Assessment@3abbfa04]" name="TC_01_EndOfSeasonSale_PopUp" duration-ms="44711" started-at="2021-06-27T11:26:44 IST" finished-at="2021-06-27T11:27:28 IST">
          <reporter-output>
          </reporter-output>
        </test-method> <!-- TC_01_EndOfSeasonSale_PopUp -->
        <test-method status="PASS" signature="tearDown()[pri:0, instance:com.testscripts.Nine_FR_Assessment@3abbfa04]" name="tearDown" is-config="true" duration-ms="1596" started-at="2021-06-27T11:27:28 IST" finished-at="2021-06-27T11:27:30 IST">
          <reporter-output>
          </reporter-output>
        </test-method> <!-- tearDown -->
      </class> <!-- com.testscripts.Nine_FR_Assessment -->
    </test> <!-- NineTech Tests -->
  </suite> <!-- Test Suite -->
</testng-results>
