<?xml version="1.0" encoding="UTF-8"?>
<testng-results ignored="0" total="1" passed="1" failed="0" skipped="0">
  <reporter-output>
  </reporter-output>
  <suite started-at="2021-06-27T16:51:26 AEST" name="Default suite" finished-at="2021-06-27T16:52:26 AEST" duration-ms="60059">
    <groups>
    </groups>
    <test started-at="2021-06-27T16:51:26 AEST" name="Default test" finished-at="2021-06-27T16:52:26 AEST" duration-ms="60059">
      <class name="com.testscripts.Nine_FR_Assessment">
        <test-method is-config="true" signature="preSetup()[pri:0, instance:com.testscripts.Nine_FR_Assessment@4b0b0854]" started-at="2021-06-27T16:51:26 AEST" name="preSetup" finished-at="2021-06-27T16:51:31 AEST" duration-ms="4465" status="PASS">
          <reporter-output>
          </reporter-output>
        </test-method> <!-- preSetup -->
        <test-method signature="TC_01_EndOfSeasonSale_PopUp()[pri:0, instance:com.testscripts.Nine_FR_Assessment@4b0b0854]" started-at="2021-06-27T16:51:31 AEST" name="TC_01_EndOfSeasonSale_PopUp" finished-at="2021-06-27T16:52:25 AEST" duration-ms="54681" status="PASS">
          <reporter-output>
          </reporter-output>
        </test-method> <!-- TC_01_EndOfSeasonSale_PopUp -->
        <test-method is-config="true" signature="tearDown()[pri:0, instance:com.testscripts.Nine_FR_Assessment@4b0b0854]" started-at="2021-06-27T16:52:25 AEST" name="tearDown" finished-at="2021-06-27T16:52:26 AEST" duration-ms="846" status="PASS">
          <reporter-output>
          </reporter-output>
        </test-method> <!-- tearDown -->
      </class> <!-- com.testscripts.Nine_FR_Assessment -->
    </test> <!-- Default test -->
  </suite> <!-- Default suite -->
</testng-results>
